<?xml version="1.0" encoding="UTF-8"?>
<!-- Generated by org.testng.reporters.JUnitReportReporter -->
<testsuite hostname="DESKTOP-256IKFD" failures="0" tests="1" name="apipractice1.com.Class1" time="3.683" errors="0" timestamp="2024-04-22T20:56:34 IST" skipped="0">
  <testcase classname="apipractice1.com.Class1" name="api1" time="3.683"/>
  <system-out/>
</testsuite> <!-- apipractice1.com.Class1 -->
